<?xml version="1.0" encoding="UTF-8"?>
<!-- Generated by org.testng.reporters.JUnitReportReporter -->
<testsuite hostname="DESKTOP-49262VI" failures="0" tests="1" name="WorkrigAutoamation.Workrig_Autoamtion" time="11.695" errors="0" timestamp="2024-05-19T16:47:14 IST" skipped="0">
  <testcase classname="WorkrigAutoamation.Workrig_Autoamtion" name="loginAndCheckInOut" time="11.695"/>
</testsuite> <!-- WorkrigAutoamation.Workrig_Autoamtion -->
