<?xml version="1.0" encoding="UTF-8"?>
<!-- Generated by org.testng.reporters.JUnitReportReporter -->
<testsuite hostname="DESKTOP-49262VI" failures="0" tests="1" name="WorkrigAutoamation.Workrig_Autoamtion" time="6.994" errors="0" timestamp="2024-07-05T12:05:13 IST" skipped="0">
  <testcase classname="WorkrigAutoamation.Workrig_Autoamtion" name="NaukriProfileUpdate" time="6.994"/>
</testsuite> <!-- WorkrigAutoamation.Workrig_Autoamtion -->
